2022-08-01 13:42:57.491  INFO 14992 --- [restartedMain] zwc.SpringbootMybatisApplication         : Starting SpringbootMybatisApplication using Java 1.8.0_322 on zwcmatebook with PID 14992 (C:\Users\zwc\Desktop\GitHUb\springboot-mybatis\target\classes started by zwc in C:\Users\zwc\Desktop\GitHUb\springboot-mybatis)
2022-08-01 13:42:57.501  INFO 14992 --- [restartedMain] zwc.SpringbootMybatisApplication         : No active profile set, falling back to default profiles: default
2022-08-01 13:42:57.564  INFO 14992 --- [restartedMain] .e.DevToolsPropertyDefaultsPostProcessor : Devtools property defaults active! Set 'spring.devtools.add-properties' to 'false' to disable
2022-08-01 13:42:57.564  INFO 14992 --- [restartedMain] .e.DevToolsPropertyDefaultsPostProcessor : For additional web related logging consider setting the 'logging.level.web' property to 'DEBUG'
2022-08-01 13:42:58.578  INFO 14992 --- [restartedMain] .s.d.r.c.RepositoryConfigurationDelegate : Multiple Spring Data modules found, entering strict repository configuration mode!
2022-08-01 13:42:58.581  INFO 14992 --- [restartedMain] .s.d.r.c.RepositoryConfigurationDelegate : Bootstrapping Spring Data Redis repositories in DEFAULT mode.
2022-08-01 13:42:58.617  INFO 14992 --- [restartedMain] .s.d.r.c.RepositoryConfigurationDelegate : Finished Spring Data repository scanning in 17 ms. Found 0 Redis repository interfaces.
2022-08-01 13:42:58.780  WARN 14992 --- [restartedMain] o.m.s.mapper.ClassPathMapperScanner      : Skipping MapperFactoryBean with name 'checkDao' and 'zwc.dao.CheckDao' mapperInterface. Bean already defined with the same name!
2022-08-01 13:42:58.780  WARN 14992 --- [restartedMain] o.m.s.mapper.ClassPathMapperScanner      : Skipping MapperFactoryBean with name 'deleteDao' and 'zwc.dao.DeleteDao' mapperInterface. Bean already defined with the same name!
2022-08-01 13:42:58.781  WARN 14992 --- [restartedMain] o.m.s.mapper.ClassPathMapperScanner      : Skipping MapperFactoryBean with name 'uploadDao' and 'zwc.dao.UploadDao' mapperInterface. Bean already defined with the same name!
2022-08-01 13:42:58.781  WARN 14992 --- [restartedMain] o.m.s.mapper.ClassPathMapperScanner      : No MyBatis mapper was found in '[zwc]' package. Please check your configuration.
2022-08-01 13:42:58.955  INFO 14992 --- [restartedMain] trationDelegate$BeanPostProcessorChecker : Bean 'redisConfig' of type [zwc.confog.RedisConfig$$EnhancerBySpringCGLIB$$77f86fdc] is not eligible for getting processed by all BeanPostProcessors (for example: not eligible for auto-proxying)
2022-08-01 13:42:59.384  INFO 14992 --- [restartedMain] o.s.b.w.embedded.tomcat.TomcatWebServer  : Tomcat initialized with port(s): 8080 (http)
2022-08-01 13:42:59.396  INFO 14992 --- [restartedMain] o.apache.catalina.core.StandardService   : Starting service [Tomcat]
2022-08-01 13:42:59.397  INFO 14992 --- [restartedMain] org.apache.catalina.core.StandardEngine  : Starting Servlet engine: [Apache Tomcat/9.0.43]
2022-08-01 13:42:59.573  INFO 14992 --- [restartedMain] o.a.c.c.C.[Tomcat].[localhost].[/]       : Initializing Spring embedded WebApplicationContext
2022-08-01 13:42:59.573  INFO 14992 --- [restartedMain] w.s.c.ServletWebServerApplicationContext : Root WebApplicationContext: initialization completed in 2008 ms
2022-08-01 13:43:00.620  INFO 14992 --- [restartedMain] o.s.s.concurrent.ThreadPoolTaskExecutor  : Initializing ExecutorService 'applicationTaskExecutor'
2022-08-01 13:43:00.700  INFO 14992 --- [restartedMain] o.s.b.a.w.s.WelcomePageHandlerMapping    : Adding welcome page template: index
2022-08-01 13:43:00.792  INFO 14992 --- [restartedMain] t.m.m.autoconfigure.MapperCacheDisabler  : Clear tk.mybatis.mapper.util.MsUtil CLASS_CACHE cache.
2022-08-01 13:43:00.793  INFO 14992 --- [restartedMain] t.m.m.autoconfigure.MapperCacheDisabler  : Clear tk.mybatis.mapper.genid.GenIdUtil CACHE cache.
2022-08-01 13:43:00.793  INFO 14992 --- [restartedMain] t.m.m.autoconfigure.MapperCacheDisabler  : Clear tk.mybatis.mapper.version.VersionUtil CACHE cache.
2022-08-01 13:43:00.795  INFO 14992 --- [restartedMain] t.m.m.autoconfigure.MapperCacheDisabler  : Clear EntityHelper entityTableMap cache.
2022-08-01 13:43:00.992  INFO 14992 --- [restartedMain] o.s.b.d.a.OptionalLiveReloadServer       : LiveReload server is running on port 35729
2022-08-01 13:43:01.033  INFO 14992 --- [restartedMain] o.s.b.w.embedded.tomcat.TomcatWebServer  : Tomcat started on port(s): 8080 (http) with context path ''
2022-08-01 13:43:01.044  INFO 14992 --- [restartedMain] zwc.SpringbootMybatisApplication         : Started SpringbootMybatisApplication in 4.127 seconds (JVM running for 5.574)
2022-08-01 13:43:37.698  INFO 14992 --- [SpringContextShutdownHook] o.s.s.concurrent.ThreadPoolTaskExecutor  : Shutting down ExecutorService 'applicationTaskExecutor'
2022-08-01 13:43:37.720  INFO 14992 --- [SpringContextShutdownHook] com.alibaba.druid.pool.DruidDataSource   : {dataSource-0} closing ...
